{"content": {"suites": {"0": {"status": {"total_pass": 0, "total_skip": 0, "total_xpass": 0, "total_xfail": 0, "total_rerun": 0, "total_fail": 0, "total_error": 3}, "tests": {"0": {"status": "ERROR", "message": "cls = <class 'drive_automation_test.TestMiscellaneousActions'>\n\n    @classmethod\n    def setup_class(cls):\n        super(cls, TestMiscellaneousActions).setup_class()#FIRST SUPER CLASS\n        prereqs = [files.view_info_file_name, files.share_file]\n        file_list_to_upload = \" \".join(list(map(lambda a: f'\"{a}\"', prereqs)))\n        cls.higher_actions.click_on_new_button()\n        upload_button = cls.higher_actions.wait_to_click(locators.new_menu_button_locator(\"File upload\"))\n        upload_button.click()\n        sleep(2)\n        autoGUIutils.type_into_dialogue_box(file_list_to_upload)\n        sleep(3)\n>       cls.higher_actions.deal_duplicate_and_await_upload()\n\ndrive_automation_test.py:97: \n_ _ _ _ _ _ _ _ _ _ _ _ _ _ _ _ _ _ _ _ _ _ _ _ _ _ _ _ _ _ _ _ _ _ _ _ _ _ _ _ _ _ _ _ _ _ _ _ _ _ _ _ _ _ _ _ _ _ _ _ _ _ _ _ _ _ _ _ _ _ _ _ _ _ \nlibrary_functions.py:393: in deal_duplicate_and_await_upload\n    self.web_driver_wait.until(EC.presence_of_element_located(\n_ _ _ _ _ _ _ _ _ _ _ _ _ _ _ _ _ _ _ _ _ _ _ _ _ _ _ _ _ _ _ _ _ _ _ _ _ _ _ _ _ _ _ _ _ _ _ _ _ _ _ _ _ _ _ _ _ _ _ _ _ _ _ _ _ _ _ _ _ _ _ _ _ _ \n\nself = <selenium.webdriver.support.wait.WebDriverWait (session=\"1dfa7736d322d64e58026d3321fbda03\")>\nmethod = <function presence_of_element_located.<locals>._predicate at 0x0000024A0DE65DA0>, message = ''\n\n    def until(self, method: Callable[[D], Union[Literal[False], T]], message: str = \"\") -> T:\n        \"\"\"Calls the method provided with the driver as an argument until the \\\n        return value does not evaluate to ``False``.\n    \n        :param method: callable(WebDriver)\n        :param message: optional message for :exc:`TimeoutException`\n        :returns: the result of the last call to `method`\n        :raises: :exc:`selenium.common.exceptions.TimeoutException` if timeout occurs\n        \"\"\"\n        screen = None\n        stacktrace = None\n    \n        end_time = time.monotonic() + self._timeout\n        while True:\n            try:\n                value = method(self._driver)\n                if value:\n                    return value\n            except self._ignored_exceptions as exc:\n                screen = getattr(exc, \"screen\", None)\n                stacktrace = getattr(exc, \"stacktrace\", None)\n            time.sleep(self._poll)\n            if time.monotonic() > end_time:\n                break\n>       raise TimeoutException(message, screen, stacktrace)\nE       selenium.common.exceptions.TimeoutException: Message: \nE       Stacktrace:\nE       \tGetHandleVerifier [0x00007FF60D57AD22+56930]\nE       \t(No symbol) [0x00007FF60D4EF622]\nE       \t(No symbol) [0x00007FF60D3A42E5]\nE       \t(No symbol) [0x00007FF60D3E98ED]\nE       \t(No symbol) [0x00007FF60D3E9A2C]\nE       \t(No symbol) [0x00007FF60D42A967]\nE       \t(No symbol) [0x00007FF60D40BCDF]\nE       \t(No symbol) [0x00007FF60D4281E2]\nE       \t(No symbol) [0x00007FF60D40BA43]\nE       \t(No symbol) [0x00007FF60D3DD438]\nE       \t(No symbol) [0x00007FF60D3DE4D1]\nE       \tGetHandleVerifier [0x00007FF60D8F6AAD+3709933]\nE       \tGetHandleVerifier [0x00007FF60D94FFED+4075821]\nE       \tGetHandleVerifier [0x00007FF60D94817F+4043455]\nE       \tGetHandleVerifier [0x00007FF60D619756+706710]\nE       \t(No symbol) [0x00007FF60D4FB8FF]\nE       \t(No symbol) [0x00007FF60D4F6AE4]\nE       \t(No symbol) [0x00007FF60D4F6C3C]\nE       \t(No symbol) [0x00007FF60D4E68F4]\nE       \tBaseThreadInitThunk [0x00007FF9C0937344+20]\nE       \tRtlUserThreadStart [0x00007FF9C0D226B1+33]\n\nC:\\Python312\\Lib\\site-packages\\selenium\\webdriver\\support\\wait.py:105: TimeoutException\n", "test_name": "test_share_via_link", "rerun": "0"}, "1": {"status": "ERROR", "message": "cls = <class 'drive_automation_test.TestMiscellaneousActions'>\n\n    @classmethod\n    def setup_class(cls):\n        super(cls, TestMiscellaneousActions).setup_class()#FIRST SUPER CLASS\n        prereqs = [files.view_info_file_name, files.share_file]\n        file_list_to_upload = \" \".join(list(map(lambda a: f'\"{a}\"', prereqs)))\n        cls.higher_actions.click_on_new_button()\n        upload_button = cls.higher_actions.wait_to_click(locators.new_menu_button_locator(\"File upload\"))\n        upload_button.click()\n        sleep(2)\n        autoGUIutils.type_into_dialogue_box(file_list_to_upload)\n        sleep(3)\n>       cls.higher_actions.deal_duplicate_and_await_upload()\n\ndrive_automation_test.py:97: \n_ _ _ _ _ _ _ _ _ _ _ _ _ _ _ _ _ _ _ _ _ _ _ _ _ _ _ _ _ _ _ _ _ _ _ _ _ _ _ _ _ _ _ _ _ _ _ _ _ _ _ _ _ _ _ _ _ _ _ _ _ _ _ _ _ _ _ _ _ _ _ _ _ _ \nlibrary_functions.py:393: in deal_duplicate_and_await_upload\n    self.web_driver_wait.until(EC.presence_of_element_located(\n_ _ _ _ _ _ _ _ _ _ _ _ _ _ _ _ _ _ _ _ _ _ _ _ _ _ _ _ _ _ _ _ _ _ _ _ _ _ _ _ _ _ _ _ _ _ _ _ _ _ _ _ _ _ _ _ _ _ _ _ _ _ _ _ _ _ _ _ _ _ _ _ _ _ \n\nself = <selenium.webdriver.support.wait.WebDriverWait (session=\"1dfa7736d322d64e58026d3321fbda03\")>\nmethod = <function presence_of_element_located.<locals>._predicate at 0x0000024A0DE65DA0>, message = ''\n\n    def until(self, method: Callable[[D], Union[Literal[False], T]], message: str = \"\") -> T:\n        \"\"\"Calls the method provided with the driver as an argument until the \\\n        return value does not evaluate to ``False``.\n    \n        :param method: callable(WebDriver)\n        :param message: optional message for :exc:`TimeoutException`\n        :returns: the result of the last call to `method`\n        :raises: :exc:`selenium.common.exceptions.TimeoutException` if timeout occurs\n        \"\"\"\n        screen = None\n        stacktrace = None\n    \n        end_time = time.monotonic() + self._timeout\n        while True:\n            try:\n                value = method(self._driver)\n                if value:\n                    return value\n            except self._ignored_exceptions as exc:\n                screen = getattr(exc, \"screen\", None)\n                stacktrace = getattr(exc, \"stacktrace\", None)\n            time.sleep(self._poll)\n            if time.monotonic() > end_time:\n                break\n>       raise TimeoutException(message, screen, stacktrace)\nE       selenium.common.exceptions.TimeoutException: Message: \nE       Stacktrace:\nE       \tGetHandleVerifier [0x00007FF60D57AD22+56930]\nE       \t(No symbol) [0x00007FF60D4EF622]\nE       \t(No symbol) [0x00007FF60D3A42E5]\nE       \t(No symbol) [0x00007FF60D3E98ED]\nE       \t(No symbol) [0x00007FF60D3E9A2C]\nE       \t(No symbol) [0x00007FF60D42A967]\nE       \t(No symbol) [0x00007FF60D40BCDF]\nE       \t(No symbol) [0x00007FF60D4281E2]\nE       \t(No symbol) [0x00007FF60D40BA43]\nE       \t(No symbol) [0x00007FF60D3DD438]\nE       \t(No symbol) [0x00007FF60D3DE4D1]\nE       \tGetHandleVerifier [0x00007FF60D8F6AAD+3709933]\nE       \tGetHandleVerifier [0x00007FF60D94FFED+4075821]\nE       \tGetHandleVerifier [0x00007FF60D94817F+4043455]\nE       \tGetHandleVerifier [0x00007FF60D619756+706710]\nE       \t(No symbol) [0x00007FF60D4FB8FF]\nE       \t(No symbol) [0x00007FF60D4F6AE4]\nE       \t(No symbol) [0x00007FF60D4F6C3C]\nE       \t(No symbol) [0x00007FF60D4E68F4]\nE       \tBaseThreadInitThunk [0x00007FF9C0937344+20]\nE       \tRtlUserThreadStart [0x00007FF9C0D226B1+33]\n\nC:\\Python312\\Lib\\site-packages\\selenium\\webdriver\\support\\wait.py:105: TimeoutException\n", "test_name": "test_view_file_info", "rerun": "0"}, "2": {"status": "ERROR", "message": "cls = <class 'drive_automation_test.TestMiscellaneousActions'>\n\n    @classmethod\n    def setup_class(cls):\n        super(cls, TestMiscellaneousActions).setup_class()#FIRST SUPER CLASS\n        prereqs = [files.view_info_file_name, files.share_file]\n        file_list_to_upload = \" \".join(list(map(lambda a: f'\"{a}\"', prereqs)))\n        cls.higher_actions.click_on_new_button()\n        upload_button = cls.higher_actions.wait_to_click(locators.new_menu_button_locator(\"File upload\"))\n        upload_button.click()\n        sleep(2)\n        autoGUIutils.type_into_dialogue_box(file_list_to_upload)\n        sleep(3)\n>       cls.higher_actions.deal_duplicate_and_await_upload()\n\ndrive_automation_test.py:97: \n_ _ _ _ _ _ _ _ _ _ _ _ _ _ _ _ _ _ _ _ _ _ _ _ _ _ _ _ _ _ _ _ _ _ _ _ _ _ _ _ _ _ _ _ _ _ _ _ _ _ _ _ _ _ _ _ _ _ _ _ _ _ _ _ _ _ _ _ _ _ _ _ _ _ \nlibrary_functions.py:393: in deal_duplicate_and_await_upload\n    self.web_driver_wait.until(EC.presence_of_element_located(\n_ _ _ _ _ _ _ _ _ _ _ _ _ _ _ _ _ _ _ _ _ _ _ _ _ _ _ _ _ _ _ _ _ _ _ _ _ _ _ _ _ _ _ _ _ _ _ _ _ _ _ _ _ _ _ _ _ _ _ _ _ _ _ _ _ _ _ _ _ _ _ _ _ _ \n\nself = <selenium.webdriver.support.wait.WebDriverWait (session=\"1dfa7736d322d64e58026d3321fbda03\")>\nmethod = <function presence_of_element_located.<locals>._predicate at 0x0000024A0DE65DA0>, message = ''\n\n    def until(self, method: Callable[[D], Union[Literal[False], T]], message: str = \"\") -> T:\n        \"\"\"Calls the method provided with the driver as an argument until the \\\n        return value does not evaluate to ``False``.\n    \n        :param method: callable(WebDriver)\n        :param message: optional message for :exc:`TimeoutException`\n        :returns: the result of the last call to `method`\n        :raises: :exc:`selenium.common.exceptions.TimeoutException` if timeout occurs\n        \"\"\"\n        screen = None\n        stacktrace = None\n    \n        end_time = time.monotonic() + self._timeout\n        while True:\n            try:\n                value = method(self._driver)\n                if value:\n                    return value\n            except self._ignored_exceptions as exc:\n                screen = getattr(exc, \"screen\", None)\n                stacktrace = getattr(exc, \"stacktrace\", None)\n            time.sleep(self._poll)\n            if time.monotonic() > end_time:\n                break\n>       raise TimeoutException(message, screen, stacktrace)\nE       selenium.common.exceptions.TimeoutException: Message: \nE       Stacktrace:\nE       \tGetHandleVerifier [0x00007FF60D57AD22+56930]\nE       \t(No symbol) [0x00007FF60D4EF622]\nE       \t(No symbol) [0x00007FF60D3A42E5]\nE       \t(No symbol) [0x00007FF60D3E98ED]\nE       \t(No symbol) [0x00007FF60D3E9A2C]\nE       \t(No symbol) [0x00007FF60D42A967]\nE       \t(No symbol) [0x00007FF60D40BCDF]\nE       \t(No symbol) [0x00007FF60D4281E2]\nE       \t(No symbol) [0x00007FF60D40BA43]\nE       \t(No symbol) [0x00007FF60D3DD438]\nE       \t(No symbol) [0x00007FF60D3DE4D1]\nE       \tGetHandleVerifier [0x00007FF60D8F6AAD+3709933]\nE       \tGetHandleVerifier [0x00007FF60D94FFED+4075821]\nE       \tGetHandleVerifier [0x00007FF60D94817F+4043455]\nE       \tGetHandleVerifier [0x00007FF60D619756+706710]\nE       \t(No symbol) [0x00007FF60D4FB8FF]\nE       \t(No symbol) [0x00007FF60D4F6AE4]\nE       \t(No symbol) [0x00007FF60D4F6C3C]\nE       \t(No symbol) [0x00007FF60D4E68F4]\nE       \tBaseThreadInitThunk [0x00007FF9C0937344+20]\nE       \tRtlUserThreadStart [0x00007FF9C0D226B1+33]\n\nC:\\Python312\\Lib\\site-packages\\selenium\\webdriver\\support\\wait.py:105: TimeoutException\n", "test_name": "test_verify_tootip_text", "rerun": "0"}}, "suite_name": "drive_automation_test.py"}}}, "date": "April 01, 2024", "start_time": 1711977736.0877197, "total_suite": 1, "status": "FAIL", "status_list": {"pass": "0", "fail": "0", "skip": "0", "error": "3", "xpass": "0", "xfail": "0", "rerun": "0"}, "total_tests": "3"}