{"content": {"suites": {"0": {"status": {"total_pass": 8, "total_skip": 0, "total_xpass": 0, "total_xfail": 0, "total_rerun": 0, "total_fail": 13, "total_error": 0}, "tests": {"0": {"status": "PASS", "message": "", "test_name": "test_signin", "rerun": "0"}, "1": {"status": "PASS", "message": "", "test_name": "test_prerequisites", "rerun": "0"}, "2": {"status": "PASS", "message": "", "test_name": "test_get_filenames", "rerun": "0"}, "3": {"status": "FAIL", "message": "   AttributeError: module 'files' has no attribute 'file_elements'\n", "test_name": "test_search_for_file_by_name", "rerun": "0"}, "4": {"status": "FAIL", "message": "   AttributeError: 'ButtonClicker' object has no attribute 'click_on_left_menu_page_buttons'. Did you mean: 'click_left_menu_page_buttons'?\n", "test_name": "test_search_file_by_type", "rerun": "0"}, "5": {"status": "FAIL", "message": "       FileNotFoundError\n", "test_name": "test_remove_file", "rerun": "0"}, "6": {"status": "FAIL", "message": "   AttributeError: 'function' object has no attribute 'click_button'\n", "test_name": "test_rename_file", "rerun": "0"}, "7": {"status": "FAIL", "message": "   selenium.common.exceptions.ElementClickInterceptedException: Message: element click intercepted: Element <div class=\"a-s-T-j a-da-wf\" data-name=\"name\" aria-label=\"Trash\">...</div> is not clickable at point (135, 415). Other element would receive the click: <div class=\"lb-k-Qc\" aria-hidden=\"true\" style=\"opacity: 0.5; width: 1920px; height: 879px;\"></div>\n     (Session info: chrome=122.0.6261.95)\n   Stacktrace:\n   \tGetHandleVerifier [0x00007FF7C619AD22+56930]\n   \t(No symbol) [0x00007FF7C610F622]\n   \t(No symbol) [0x00007FF7C5FC42E5]\n   \t(No symbol) [0x00007FF7C6010A80]\n   \t(No symbol) [0x00007FF7C600E8AB]\n   \t(No symbol) [0x00007FF7C600C0B4]\n   \t(No symbol) [0x00007FF7C600AE45]\n   \t(No symbol) [0x00007FF7C5FFF798]\n   \t(No symbol) [0x00007FF7C602BC9A]\n   \t(No symbol) [0x00007FF7C5FFF09A]\n   \t(No symbol) [0x00007FF7C602BEB0]\n   \t(No symbol) [0x00007FF7C60481E2]\n   \t(No symbol) [0x00007FF7C602BA43]\n   \t(No symbol) [0x00007FF7C5FFD438]\n   \t(No symbol) [0x00007FF7C5FFE4D1]\n   \tGetHandleVerifier [0x00007FF7C6516AAD+3709933]\n   \tGetHandleVerifier [0x00007FF7C656FFED+4075821]\n   \tGetHandleVerifier [0x00007FF7C656817F+4043455]\n   \tGetHandleVerifier [0x00007FF7C6239756+706710]\n   \t(No symbol) [0x00007FF7C611B8FF]\n   \t(No symbol) [0x00007FF7C6116AE4]\n   \t(No symbol) [0x00007FF7C6116C3C]\n   \t(No symbol) [0x00007FF7C61068F4]\n   \tBaseThreadInitThunk [0x00007FF8BA347344+20]\n   \tRtlUserThreadStart [0x00007FF8BB3026B1+33]\n", "test_name": "test_undo_delete_action", "rerun": "0"}, "8": {"status": "FAIL", "message": "   selenium.common.exceptions.ElementClickInterceptedException: Message: element click intercepted: Element <div class=\"a-s-T-j a-da-NvARYc\" data-name=\"name\" aria-label=\"Home\">...</div> is not clickable at point (135, 159). Other element would receive the click: <div class=\"lb-k-Qc\" aria-hidden=\"true\" style=\"opacity: 0.5; width: 1920px; height: 879px;\"></div>\n     (Session info: chrome=122.0.6261.95)\n   Stacktrace:\n   \tGetHandleVerifier [0x00007FF7C619AD22+56930]\n   \t(No symbol) [0x00007FF7C610F622]\n   \t(No symbol) [0x00007FF7C5FC42E5]\n   \t(No symbol) [0x00007FF7C6010A80]\n   \t(No symbol) [0x00007FF7C600E8AB]\n   \t(No symbol) [0x00007FF7C600C0B4]\n   \t(No symbol) [0x00007FF7C600AE45]\n   \t(No symbol) [0x00007FF7C5FFF798]\n   \t(No symbol) [0x00007FF7C602BC9A]\n   \t(No symbol) [0x00007FF7C5FFF09A]\n   \t(No symbol) [0x00007FF7C602BEB0]\n   \t(No symbol) [0x00007FF7C60481E2]\n   \t(No symbol) [0x00007FF7C602BA43]\n   \t(No symbol) [0x00007FF7C5FFD438]\n   \t(No symbol) [0x00007FF7C5FFE4D1]\n   \tGetHandleVerifier [0x00007FF7C6516AAD+3709933]\n   \tGetHandleVerifier [0x00007FF7C656FFED+4075821]\n   \tGetHandleVerifier [0x00007FF7C656817F+4043455]\n   \tGetHandleVerifier [0x00007FF7C6239756+706710]\n   \t(No symbol) [0x00007FF7C611B8FF]\n   \t(No symbol) [0x00007FF7C6116AE4]\n   \t(No symbol) [0x00007FF7C6116C3C]\n   \t(No symbol) [0x00007FF7C61068F4]\n   \tBaseThreadInitThunk [0x00007FF8BA347344+20]\n   \tRtlUserThreadStart [0x00007FF8BB3026B1+33]\n", "test_name": "test_rename_folder", "rerun": "0"}, "9": {"status": "FAIL", "message": "   selenium.common.exceptions.ElementClickInterceptedException: Message: element click intercepted: Element <button type=\"button\" role=\"button\" tabindex=\"0\" class=\"brbsPe Ss7qXc a-qb-d\" aria-disabled=\"false\" aria-expanded=\"false\" aria-haspopup=\"true\" guidedhelpid=\"new_menu_button\" style=\"user-select: none;\">...</button> is not clickable at point (66, 99). Other element would receive the click: <div class=\"lb-k-Qc\" aria-hidden=\"true\" style=\"opacity: 0.5; width: 1920px; height: 879px;\"></div>\n     (Session info: chrome=122.0.6261.95)\n   Stacktrace:\n   \tGetHandleVerifier [0x00007FF7C619AD22+56930]\n   \t(No symbol) [0x00007FF7C610F622]\n   \t(No symbol) [0x00007FF7C5FC42E5]\n   \t(No symbol) [0x00007FF7C6010A80]\n   \t(No symbol) [0x00007FF7C600E8AB]\n   \t(No symbol) [0x00007FF7C600C0B4]\n   \t(No symbol) [0x00007FF7C600AE45]\n   \t(No symbol) [0x00007FF7C5FFF798]\n   \t(No symbol) [0x00007FF7C602BC9A]\n   \t(No symbol) [0x00007FF7C5FFF09A]\n   \t(No symbol) [0x00007FF7C602BEB0]\n   \t(No symbol) [0x00007FF7C60481E2]\n   \t(No symbol) [0x00007FF7C602BA43]\n   \t(No symbol) [0x00007FF7C5FFD438]\n   \t(No symbol) [0x00007FF7C5FFE4D1]\n   \tGetHandleVerifier [0x00007FF7C6516AAD+3709933]\n   \tGetHandleVerifier [0x00007FF7C656FFED+4075821]\n   \tGetHandleVerifier [0x00007FF7C656817F+4043455]\n   \tGetHandleVerifier [0x00007FF7C6239756+706710]\n   \t(No symbol) [0x00007FF7C611B8FF]\n   \t(No symbol) [0x00007FF7C6116AE4]\n   \t(No symbol) [0x00007FF7C6116C3C]\n   \t(No symbol) [0x00007FF7C61068F4]\n   \tBaseThreadInitThunk [0x00007FF8BA347344+20]\n   \tRtlUserThreadStart [0x00007FF8BB3026B1+33]\n", "test_name": "test_create_folder", "rerun": "0"}, "10": {"status": "FAIL", "message": "   selenium.common.exceptions.ElementClickInterceptedException: Message: element click intercepted: Element <button type=\"button\" role=\"button\" tabindex=\"0\" class=\"brbsPe Ss7qXc a-qb-d\" aria-disabled=\"false\" aria-expanded=\"false\" aria-haspopup=\"true\" guidedhelpid=\"new_menu_button\" style=\"user-select: none;\">...</button> is not clickable at point (66, 99). Other element would receive the click: <div class=\"lb-k-Qc\" aria-hidden=\"true\" style=\"opacity: 0.5; width: 1920px; height: 879px;\"></div>\n     (Session info: chrome=122.0.6261.95)\n   Stacktrace:\n   \tGetHandleVerifier [0x00007FF7C619AD22+56930]\n   \t(No symbol) [0x00007FF7C610F622]\n   \t(No symbol) [0x00007FF7C5FC42E5]\n   \t(No symbol) [0x00007FF7C6010A80]\n   \t(No symbol) [0x00007FF7C600E8AB]\n   \t(No symbol) [0x00007FF7C600C0B4]\n   \t(No symbol) [0x00007FF7C600AE45]\n   \t(No symbol) [0x00007FF7C5FFF798]\n   \t(No symbol) [0x00007FF7C602BC9A]\n   \t(No symbol) [0x00007FF7C5FFF09A]\n   \t(No symbol) [0x00007FF7C602BEB0]\n   \t(No symbol) [0x00007FF7C60481E2]\n   \t(No symbol) [0x00007FF7C602BA43]\n   \t(No symbol) [0x00007FF7C5FFD438]\n   \t(No symbol) [0x00007FF7C5FFE4D1]\n   \tGetHandleVerifier [0x00007FF7C6516AAD+3709933]\n   \tGetHandleVerifier [0x00007FF7C656FFED+4075821]\n   \tGetHandleVerifier [0x00007FF7C656817F+4043455]\n   \tGetHandleVerifier [0x00007FF7C6239756+706710]\n   \t(No symbol) [0x00007FF7C611B8FF]\n   \t(No symbol) [0x00007FF7C6116AE4]\n   \t(No symbol) [0x00007FF7C6116C3C]\n   \t(No symbol) [0x00007FF7C61068F4]\n   \tBaseThreadInitThunk [0x00007FF8BA347344+20]\n   \tRtlUserThreadStart [0x00007FF8BB3026B1+33]\n", "test_name": "test_upload_file", "rerun": "0"}, "11": {"status": "FAIL", "message": "       AttributeError: 'NoneType' object has no attribute 'click'\n", "test_name": "test_download_file", "rerun": "0"}, "12": {"status": "FAIL", "message": "   selenium.common.exceptions.ElementClickInterceptedException: Message: element click intercepted: Element <div class=\"a-s-T-j a-da-NvARYc\" data-name=\"name\" aria-label=\"Home\">...</div> is not clickable at point (135, 159). Other element would receive the click: <div class=\"lb-k-Qc\" aria-hidden=\"true\" style=\"opacity: 0.5; width: 1920px; height: 879px;\"></div>\n     (Session info: chrome=122.0.6261.95)\n   Stacktrace:\n   \tGetHandleVerifier [0x00007FF7C619AD22+56930]\n   \t(No symbol) [0x00007FF7C610F622]\n   \t(No symbol) [0x00007FF7C5FC42E5]\n   \t(No symbol) [0x00007FF7C6010A80]\n   \t(No symbol) [0x00007FF7C600E8AB]\n   \t(No symbol) [0x00007FF7C600C0B4]\n   \t(No symbol) [0x00007FF7C600AE45]\n   \t(No symbol) [0x00007FF7C5FFF798]\n   \t(No symbol) [0x00007FF7C602BC9A]\n   \t(No symbol) [0x00007FF7C5FFF09A]\n   \t(No symbol) [0x00007FF7C602BEB0]\n   \t(No symbol) [0x00007FF7C60481E2]\n   \t(No symbol) [0x00007FF7C602BA43]\n   \t(No symbol) [0x00007FF7C5FFD438]\n   \t(No symbol) [0x00007FF7C5FFE4D1]\n   \tGetHandleVerifier [0x00007FF7C6516AAD+3709933]\n   \tGetHandleVerifier [0x00007FF7C656FFED+4075821]\n   \tGetHandleVerifier [0x00007FF7C656817F+4043455]\n   \tGetHandleVerifier [0x00007FF7C6239756+706710]\n   \t(No symbol) [0x00007FF7C611B8FF]\n   \t(No symbol) [0x00007FF7C6116AE4]\n   \t(No symbol) [0x00007FF7C6116C3C]\n   \t(No symbol) [0x00007FF7C61068F4]\n   \tBaseThreadInitThunk [0x00007FF8BA347344+20]\n   \tRtlUserThreadStart [0x00007FF8BB3026B1+33]\n", "test_name": "test_remove_multiple_files", "rerun": "0"}, "13": {"status": "FAIL", "message": "       AttributeError: 'NoneType' object has no attribute 'click'\n", "test_name": "test_copy_file", "rerun": "0"}, "14": {"status": "FAIL", "message": "       AttributeError: 'NoneType' object has no attribute 'click'\n", "test_name": "test_move_file", "rerun": "0"}, "15": {"status": "PASS", "message": "", "test_name": "test_move_multiple_files", "rerun": "0"}, "16": {"status": "FAIL", "message": "       AttributeError: 'NoneType' object has no attribute 'click'\n", "test_name": "test_view_file_info", "rerun": "0"}, "17": {"status": "PASS", "message": "", "test_name": "test_delete_file_permanently", "rerun": "0"}, "18": {"status": "PASS", "message": "", "test_name": "test_share_via_link", "rerun": "0"}, "19": {"status": "PASS", "message": "", "test_name": "test_remove_folder", "rerun": "0"}, "20": {"status": "PASS", "message": "", "test_name": "test_logout", "rerun": "0"}}, "suite_name": "drive_automation_test.py"}}}, "date": "March 05, 2024", "start_time": 1709651840.8458035, "total_suite": 1, "status": "FAIL", "status_list": {"pass": "8", "fail": "13", "skip": "0", "error": "0", "xpass": "0", "xfail": "0", "rerun": "0"}, "total_tests": "21"}