{"content": {"suites": {"0": {"status": {"total_pass": 10, "total_skip": 0, "total_xpass": 0, "total_xfail": 0, "total_rerun": 0, "total_fail": 11, "total_error": 0}, "tests": {"0": {"status": "PASS", "message": "", "test_name": "test_signin", "rerun": "0"}, "1": {"status": "PASS", "message": "", "test_name": "test_dummy_test_prerequisite", "rerun": "0"}, "2": {"status": "PASS", "message": "", "test_name": "test_get_filenames", "rerun": "0"}, "3": {"status": "FAIL", "message": "       FileNotFoundError\n", "test_name": "test_remove_file", "rerun": "0"}, "4": {"status": "PASS", "message": "", "test_name": "test_rename_file", "rerun": "0"}, "5": {"status": "PASS", "message": "", "test_name": "test_undo_delete_action", "rerun": "0"}, "6": {"status": "PASS", "message": "", "test_name": "test_rename_folder", "rerun": "0"}, "7": {"status": "PASS", "message": "", "test_name": "test_create_folder", "rerun": "0"}, "8": {"status": "FAIL", "message": "   selenium.common.exceptions.TimeoutException: Message: \n   Stacktrace:\n   \tGetHandleVerifier [0x00007FF72944AD22+56930]\n   \t(No symbol) [0x00007FF7293BF622]\n   \t(No symbol) [0x00007FF7292742E5]\n   \t(No symbol) [0x00007FF7292B98ED]\n   \t(No symbol) [0x00007FF7292B9A2C]\n   \t(No symbol) [0x00007FF7292FA967]\n   \t(No symbol) [0x00007FF7292DBCDF]\n   \t(No symbol) [0x00007FF7292F81E2]\n   \t(No symbol) [0x00007FF7292DBA43]\n   \t(No symbol) [0x00007FF7292AD438]\n   \t(No symbol) [0x00007FF7292AE4D1]\n   \tGetHandleVerifier [0x00007FF7297C6AAD+3709933]\n   \tGetHandleVerifier [0x00007FF72981FFED+4075821]\n   \tGetHandleVerifier [0x00007FF72981817F+4043455]\n   \tGetHandleVerifier [0x00007FF7294E9756+706710]\n   \t(No symbol) [0x00007FF7293CB8FF]\n   \t(No symbol) [0x00007FF7293C6AE4]\n   \t(No symbol) [0x00007FF7293C6C3C]\n   \t(No symbol) [0x00007FF7293B68F4]\n   \tBaseThreadInitThunk [0x00007FF8BA347344+20]\n   \tRtlUserThreadStart [0x00007FF8BB3026B1+33]\n", "test_name": "test_upload_file", "rerun": "0"}, "9": {"status": "FAIL", "message": "       AttributeError: 'NoneType' object has no attribute 'click'\n", "test_name": "test_download_file", "rerun": "0"}, "10": {"status": "FAIL", "message": "       FileNotFoundError\n           AssertionError: FileNotFoundError()\n           assert False\n", "test_name": "test_remove_multiple_files", "rerun": "0"}, "11": {"status": "FAIL", "message": "       FileNotFoundError\n", "test_name": "test_copy_file", "rerun": "0"}, "12": {"status": "FAIL", "message": "       AttributeError: 'NoneType' object has no attribute 'click'\n", "test_name": "test_move_file", "rerun": "0"}, "13": {"status": "PASS", "message": "", "test_name": "test_move_multiple_files", "rerun": "0"}, "14": {"status": "FAIL", "message": "       AttributeError: 'NoneType' object has no attribute 'click'\n", "test_name": "test_view_file_info", "rerun": "0"}, "15": {"status": "FAIL", "message": "       FileNotFoundError\n", "test_name": "test_delete_file_permanently", "rerun": "0"}, "16": {"status": "FAIL", "message": "       FileNotFoundError\n", "test_name": "test_share_via_link", "rerun": "0"}, "17": {"status": "PASS", "message": "", "test_name": "test_search_for_file_by_name", "rerun": "0"}, "18": {"status": "PASS", "message": "", "test_name": "test_search_file_by_type", "rerun": "0"}, "19": {"status": "FAIL", "message": "   selenium.common.exceptions.NoSuchWindowException: Message: no such window: target window already closed\n   from unknown error: web view not found\n     (Session info: chrome=122.0.6261.95)\n   Stacktrace:\n   \tGetHandleVerifier [0x00007FF72944AD22+56930]\n   \t(No symbol) [0x00007FF7293BF622]\n   \t(No symbol) [0x00007FF7292742E5]\n   \t(No symbol) [0x00007FF729251D4C]\n   \t(No symbol) [0x00007FF7292E23F7]\n   \t(No symbol) [0x00007FF7292F7891]\n   \t(No symbol) [0x00007FF7292DBA43]\n   \t(No symbol) [0x00007FF7292AD438]\n   \t(No symbol) [0x00007FF7292AE4D1]\n   \tGetHandleVerifier [0x00007FF7297C6AAD+3709933]\n   \tGetHandleVerifier [0x00007FF72981FFED+4075821]\n   \tGetHandleVerifier [0x00007FF72981817F+4043455]\n   \tGetHandleVerifier [0x00007FF7294E9756+706710]\n   \t(No symbol) [0x00007FF7293CB8FF]\n   \t(No symbol) [0x00007FF7293C6AE4]\n   \t(No symbol) [0x00007FF7293C6C3C]\n   \t(No symbol) [0x00007FF7293B68F4]\n   \tBaseThreadInitThunk [0x00007FF8BA347344+20]\n   \tRtlUserThreadStart [0x00007FF8BB3026B1+33]\n", "test_name": "test_remove_folder", "rerun": "0"}, "20": {"status": "FAIL", "message": "   selenium.common.exceptions.NoSuchWindowException: Message: no such window: target window already closed\n   from unknown error: web view not found\n     (Session info: chrome=122.0.6261.95)\n   Stacktrace:\n   \tGetHandleVerifier [0x00007FF72944AD22+56930]\n   \t(No symbol) [0x00007FF7293BF622]\n   \t(No symbol) [0x00007FF7292742E5]\n   \t(No symbol) [0x00007FF729251D4C]\n   \t(No symbol) [0x00007FF7292E23F7]\n   \t(No symbol) [0x00007FF7292F7891]\n   \t(No symbol) [0x00007FF7292DBA43]\n   \t(No symbol) [0x00007FF7292AD438]\n   \t(No symbol) [0x00007FF7292AE4D1]\n   \tGetHandleVerifier [0x00007FF7297C6AAD+3709933]\n   \tGetHandleVerifier [0x00007FF72981FFED+4075821]\n   \tGetHandleVerifier [0x00007FF72981817F+4043455]\n   \tGetHandleVerifier [0x00007FF7294E9756+706710]\n   \t(No symbol) [0x00007FF7293CB8FF]\n   \t(No symbol) [0x00007FF7293C6AE4]\n   \t(No symbol) [0x00007FF7293C6C3C]\n   \t(No symbol) [0x00007FF7293B68F4]\n   \tBaseThreadInitThunk [0x00007FF8BA347344+20]\n   \tRtlUserThreadStart [0x00007FF8BB3026B1+33]\n", "test_name": "test_logout", "rerun": "0"}}, "suite_name": "drive_automation_test.py"}}}, "date": "March 04, 2024", "start_time": 1709526988.5066843, "total_suite": 1, "status": "FAIL", "status_list": {"pass": "10", "fail": "11", "skip": "0", "error": "0", "xpass": "0", "xfail": "0", "rerun": "0"}, "total_tests": "21"}