{"content": {"suites": {"0": {"status": {"total_pass": 0, "total_skip": 0, "total_xpass": 0, "total_xfail": 0, "total_rerun": 0, "total_fail": 2, "total_error": 0}, "tests": {"0": {"status": "FAIL", "message": "   selenium.common.exceptions.InvalidSelectorException: Message: invalid selector: An invalid or illegal selector was specified\n     (Session info: chrome=123.0.6312.86); For documentation on this error, please visit: https://www.selenium.dev/documentation/webdriver/troubleshooting/errors#invalid-selector-exception\n   Stacktrace:\n   \tGetHandleVerifier [0x00007FF613CAAD22+56930]\n   \t(No symbol) [0x00007FF613C1F622]\n   \t(No symbol) [0x00007FF613AD42E5]\n   \t(No symbol) [0x00007FF613AD9261]\n   \t(No symbol) [0x00007FF613ADB6EB]\n   \t(No symbol) [0x00007FF613ADB7B0]\n   \t(No symbol) [0x00007FF613B1955C]\n   \t(No symbol) [0x00007FF613B19A2C]\n   \t(No symbol) [0x00007FF613B5A967]\n   \t(No symbol) [0x00007FF613B3BCDF]\n   \t(No symbol) [0x00007FF613B581E2]\n   \t(No symbol) [0x00007FF613B3BA43]\n   \t(No symbol) [0x00007FF613B0D438]\n   \t(No symbol) [0x00007FF613B0E4D1]\n   \tGetHandleVerifier [0x00007FF614026AAD+3709933]\n   \tGetHandleVerifier [0x00007FF61407FFED+4075821]\n   \tGetHandleVerifier [0x00007FF61407817F+4043455]\n   \tGetHandleVerifier [0x00007FF613D49756+706710]\n   \t(No symbol) [0x00007FF613C2B8FF]\n   \t(No symbol) [0x00007FF613C26AE4]\n   \t(No symbol) [0x00007FF613C26C3C]\n   \t(No symbol) [0x00007FF613C168F4]\n   \tBaseThreadInitThunk [0x00007FF9C0937344+20]\n   \tRtlUserThreadStart [0x00007FF9C0D226B1+33]\n", "test_name": "test_share_via_link", "rerun": "0"}, "1": {"status": "FAIL", "message": "   selenium.common.exceptions.InvalidSelectorException: Message: invalid selector: An invalid or illegal selector was specified\n     (Session info: chrome=123.0.6312.86); For documentation on this error, please visit: https://www.selenium.dev/documentation/webdriver/troubleshooting/errors#invalid-selector-exception\n   Stacktrace:\n   \tGetHandleVerifier [0x00007FF613CAAD22+56930]\n   \t(No symbol) [0x00007FF613C1F622]\n   \t(No symbol) [0x00007FF613AD42E5]\n   \t(No symbol) [0x00007FF613AD9261]\n   \t(No symbol) [0x00007FF613ADB6EB]\n   \t(No symbol) [0x00007FF613ADB7B0]\n   \t(No symbol) [0x00007FF613B1955C]\n   \t(No symbol) [0x00007FF613B19A2C]\n   \t(No symbol) [0x00007FF613B5A967]\n   \t(No symbol) [0x00007FF613B3BCDF]\n   \t(No symbol) [0x00007FF613B581E2]\n   \t(No symbol) [0x00007FF613B3BA43]\n   \t(No symbol) [0x00007FF613B0D438]\n   \t(No symbol) [0x00007FF613B0E4D1]\n   \tGetHandleVerifier [0x00007FF614026AAD+3709933]\n   \tGetHandleVerifier [0x00007FF61407FFED+4075821]\n   \tGetHandleVerifier [0x00007FF61407817F+4043455]\n   \tGetHandleVerifier [0x00007FF613D49756+706710]\n   \t(No symbol) [0x00007FF613C2B8FF]\n   \t(No symbol) [0x00007FF613C26AE4]\n   \t(No symbol) [0x00007FF613C26C3C]\n   \t(No symbol) [0x00007FF613C168F4]\n   \tBaseThreadInitThunk [0x00007FF9C0937344+20]\n   \tRtlUserThreadStart [0x00007FF9C0D226B1+33]\n", "test_name": "test_view_file_info", "rerun": "0"}}, "suite_name": "drive_automation_test.py"}}}, "date": "April 01, 2024", "start_time": 1711944305.5260885, "total_suite": 1, "status": "FAIL", "status_list": {"pass": "0", "fail": "2", "skip": "0", "error": "0", "xpass": "0", "xfail": "0", "rerun": "0"}, "total_tests": "2"}