{"content": {"suites": {"0": {"status": {"total_pass": 0, "total_skip": 0, "total_xpass": 0, "total_xfail": 0, "total_rerun": 0, "total_fail": 0, "total_error": 3}, "tests": {"0": {"status": "ERROR", "message": "cls = <class 'misc_test.TestMiscellaneousActions'>\n\n    @classmethod\n    def setup_class(cls):\n>       super(cls, TestMiscellaneousActions).setup_class()#FIRST SUPER CLASS\n\nmisc_test.py:11: \n_ _ _ _ _ _ _ _ _ _ _ _ _ _ _ _ _ _ _ _ _ _ _ _ _ _ _ _ _ _ _ _ _ _ _ _ _ _ _ _ _ _ _ _ _ _ _ _ _ _ _ _ _ _ _ _ _ _ _ _ _ _ _ _ _ _ _ _ _ _ _ _ _ _ \nbase_class.py:37: in setup_class\n    cls.higher_actions.web_driver_wait.until(EC.visibility_of_element_located(locators.password_input))\n_ _ _ _ _ _ _ _ _ _ _ _ _ _ _ _ _ _ _ _ _ _ _ _ _ _ _ _ _ _ _ _ _ _ _ _ _ _ _ _ _ _ _ _ _ _ _ _ _ _ _ _ _ _ _ _ _ _ _ _ _ _ _ _ _ _ _ _ _ _ _ _ _ _ \n\nself = <selenium.webdriver.support.wait.WebDriverWait (session=\"61ad4a72fc163a984d91a5e8a6afe3c3\")>\nmethod = <function visibility_of_element_located.<locals>._predicate at 0x0000025F2968C900>, message = ''\n\n    def until(self, method: Callable[[D], Union[Literal[False], T]], message: str = \"\") -> T:\n        \"\"\"Calls the method provided with the driver as an argument until the \\\n        return value does not evaluate to ``False``.\n    \n        :param method: callable(WebDriver)\n        :param message: optional message for :exc:`TimeoutException`\n        :returns: the result of the last call to `method`\n        :raises: :exc:`selenium.common.exceptions.TimeoutException` if timeout occurs\n        \"\"\"\n        screen = None\n        stacktrace = None\n    \n        end_time = time.monotonic() + self._timeout\n        while True:\n            try:\n                value = method(self._driver)\n                if value:\n                    return value\n            except self._ignored_exceptions as exc:\n                screen = getattr(exc, \"screen\", None)\n                stacktrace = getattr(exc, \"stacktrace\", None)\n            time.sleep(self._poll)\n            if time.monotonic() > end_time:\n                break\n>       raise TimeoutException(message, screen, stacktrace)\nE       selenium.common.exceptions.TimeoutException: Message: \nE       Stacktrace:\nE       \tGetHandleVerifier [0x00007FF72A36AD22+56930]\nE       \t(No symbol) [0x00007FF72A2DF622]\nE       \t(No symbol) [0x00007FF72A1942E5]\nE       \t(No symbol) [0x00007FF72A1D98ED]\nE       \t(No symbol) [0x00007FF72A1D9A2C]\nE       \t(No symbol) [0x00007FF72A21A967]\nE       \t(No symbol) [0x00007FF72A1FBCDF]\nE       \t(No symbol) [0x00007FF72A2181E2]\nE       \t(No symbol) [0x00007FF72A1FBA43]\nE       \t(No symbol) [0x00007FF72A1CD438]\nE       \t(No symbol) [0x00007FF72A1CE4D1]\nE       \tGetHandleVerifier [0x00007FF72A6E6AAD+3709933]\nE       \tGetHandleVerifier [0x00007FF72A73FFED+4075821]\nE       \tGetHandleVerifier [0x00007FF72A73817F+4043455]\nE       \tGetHandleVerifier [0x00007FF72A409756+706710]\nE       \t(No symbol) [0x00007FF72A2EB8FF]\nE       \t(No symbol) [0x00007FF72A2E6AE4]\nE       \t(No symbol) [0x00007FF72A2E6C3C]\nE       \t(No symbol) [0x00007FF72A2D68F4]\nE       \tBaseThreadInitThunk [0x00007FFA6B827344+20]\nE       \tRtlUserThreadStart [0x00007FFA6D5E26B1+33]\n\nC:\\Python312\\Lib\\site-packages\\selenium\\webdriver\\support\\wait.py:105: TimeoutException\n", "test_name": "test_share_via_link", "rerun": "0"}, "1": {"status": "ERROR", "message": "cls = <class 'misc_test.TestMiscellaneousActions'>\n\n    @classmethod\n    def setup_class(cls):\n>       super(cls, TestMiscellaneousActions).setup_class()#FIRST SUPER CLASS\n\nmisc_test.py:11: \n_ _ _ _ _ _ _ _ _ _ _ _ _ _ _ _ _ _ _ _ _ _ _ _ _ _ _ _ _ _ _ _ _ _ _ _ _ _ _ _ _ _ _ _ _ _ _ _ _ _ _ _ _ _ _ _ _ _ _ _ _ _ _ _ _ _ _ _ _ _ _ _ _ _ \nbase_class.py:37: in setup_class\n    cls.higher_actions.web_driver_wait.until(EC.visibility_of_element_located(locators.password_input))\n_ _ _ _ _ _ _ _ _ _ _ _ _ _ _ _ _ _ _ _ _ _ _ _ _ _ _ _ _ _ _ _ _ _ _ _ _ _ _ _ _ _ _ _ _ _ _ _ _ _ _ _ _ _ _ _ _ _ _ _ _ _ _ _ _ _ _ _ _ _ _ _ _ _ \n\nself = <selenium.webdriver.support.wait.WebDriverWait (session=\"61ad4a72fc163a984d91a5e8a6afe3c3\")>\nmethod = <function visibility_of_element_located.<locals>._predicate at 0x0000025F2968C900>, message = ''\n\n    def until(self, method: Callable[[D], Union[Literal[False], T]], message: str = \"\") -> T:\n        \"\"\"Calls the method provided with the driver as an argument until the \\\n        return value does not evaluate to ``False``.\n    \n        :param method: callable(WebDriver)\n        :param message: optional message for :exc:`TimeoutException`\n        :returns: the result of the last call to `method`\n        :raises: :exc:`selenium.common.exceptions.TimeoutException` if timeout occurs\n        \"\"\"\n        screen = None\n        stacktrace = None\n    \n        end_time = time.monotonic() + self._timeout\n        while True:\n            try:\n                value = method(self._driver)\n                if value:\n                    return value\n            except self._ignored_exceptions as exc:\n                screen = getattr(exc, \"screen\", None)\n                stacktrace = getattr(exc, \"stacktrace\", None)\n            time.sleep(self._poll)\n            if time.monotonic() > end_time:\n                break\n>       raise TimeoutException(message, screen, stacktrace)\nE       selenium.common.exceptions.TimeoutException: Message: \nE       Stacktrace:\nE       \tGetHandleVerifier [0x00007FF72A36AD22+56930]\nE       \t(No symbol) [0x00007FF72A2DF622]\nE       \t(No symbol) [0x00007FF72A1942E5]\nE       \t(No symbol) [0x00007FF72A1D98ED]\nE       \t(No symbol) [0x00007FF72A1D9A2C]\nE       \t(No symbol) [0x00007FF72A21A967]\nE       \t(No symbol) [0x00007FF72A1FBCDF]\nE       \t(No symbol) [0x00007FF72A2181E2]\nE       \t(No symbol) [0x00007FF72A1FBA43]\nE       \t(No symbol) [0x00007FF72A1CD438]\nE       \t(No symbol) [0x00007FF72A1CE4D1]\nE       \tGetHandleVerifier [0x00007FF72A6E6AAD+3709933]\nE       \tGetHandleVerifier [0x00007FF72A73FFED+4075821]\nE       \tGetHandleVerifier [0x00007FF72A73817F+4043455]\nE       \tGetHandleVerifier [0x00007FF72A409756+706710]\nE       \t(No symbol) [0x00007FF72A2EB8FF]\nE       \t(No symbol) [0x00007FF72A2E6AE4]\nE       \t(No symbol) [0x00007FF72A2E6C3C]\nE       \t(No symbol) [0x00007FF72A2D68F4]\nE       \tBaseThreadInitThunk [0x00007FFA6B827344+20]\nE       \tRtlUserThreadStart [0x00007FFA6D5E26B1+33]\n\nC:\\Python312\\Lib\\site-packages\\selenium\\webdriver\\support\\wait.py:105: TimeoutException\n", "test_name": "test_view_file_info", "rerun": "0"}, "2": {"status": "ERROR", "message": "cls = <class 'misc_test.TestMiscellaneousActions'>\n\n    @classmethod\n    def setup_class(cls):\n>       super(cls, TestMiscellaneousActions).setup_class()#FIRST SUPER CLASS\n\nmisc_test.py:11: \n_ _ _ _ _ _ _ _ _ _ _ _ _ _ _ _ _ _ _ _ _ _ _ _ _ _ _ _ _ _ _ _ _ _ _ _ _ _ _ _ _ _ _ _ _ _ _ _ _ _ _ _ _ _ _ _ _ _ _ _ _ _ _ _ _ _ _ _ _ _ _ _ _ _ \nbase_class.py:37: in setup_class\n    cls.higher_actions.web_driver_wait.until(EC.visibility_of_element_located(locators.password_input))\n_ _ _ _ _ _ _ _ _ _ _ _ _ _ _ _ _ _ _ _ _ _ _ _ _ _ _ _ _ _ _ _ _ _ _ _ _ _ _ _ _ _ _ _ _ _ _ _ _ _ _ _ _ _ _ _ _ _ _ _ _ _ _ _ _ _ _ _ _ _ _ _ _ _ \n\nself = <selenium.webdriver.support.wait.WebDriverWait (session=\"61ad4a72fc163a984d91a5e8a6afe3c3\")>\nmethod = <function visibility_of_element_located.<locals>._predicate at 0x0000025F2968C900>, message = ''\n\n    def until(self, method: Callable[[D], Union[Literal[False], T]], message: str = \"\") -> T:\n        \"\"\"Calls the method provided with the driver as an argument until the \\\n        return value does not evaluate to ``False``.\n    \n        :param method: callable(WebDriver)\n        :param message: optional message for :exc:`TimeoutException`\n        :returns: the result of the last call to `method`\n        :raises: :exc:`selenium.common.exceptions.TimeoutException` if timeout occurs\n        \"\"\"\n        screen = None\n        stacktrace = None\n    \n        end_time = time.monotonic() + self._timeout\n        while True:\n            try:\n                value = method(self._driver)\n                if value:\n                    return value\n            except self._ignored_exceptions as exc:\n                screen = getattr(exc, \"screen\", None)\n                stacktrace = getattr(exc, \"stacktrace\", None)\n            time.sleep(self._poll)\n            if time.monotonic() > end_time:\n                break\n>       raise TimeoutException(message, screen, stacktrace)\nE       selenium.common.exceptions.TimeoutException: Message: \nE       Stacktrace:\nE       \tGetHandleVerifier [0x00007FF72A36AD22+56930]\nE       \t(No symbol) [0x00007FF72A2DF622]\nE       \t(No symbol) [0x00007FF72A1942E5]\nE       \t(No symbol) [0x00007FF72A1D98ED]\nE       \t(No symbol) [0x00007FF72A1D9A2C]\nE       \t(No symbol) [0x00007FF72A21A967]\nE       \t(No symbol) [0x00007FF72A1FBCDF]\nE       \t(No symbol) [0x00007FF72A2181E2]\nE       \t(No symbol) [0x00007FF72A1FBA43]\nE       \t(No symbol) [0x00007FF72A1CD438]\nE       \t(No symbol) [0x00007FF72A1CE4D1]\nE       \tGetHandleVerifier [0x00007FF72A6E6AAD+3709933]\nE       \tGetHandleVerifier [0x00007FF72A73FFED+4075821]\nE       \tGetHandleVerifier [0x00007FF72A73817F+4043455]\nE       \tGetHandleVerifier [0x00007FF72A409756+706710]\nE       \t(No symbol) [0x00007FF72A2EB8FF]\nE       \t(No symbol) [0x00007FF72A2E6AE4]\nE       \t(No symbol) [0x00007FF72A2E6C3C]\nE       \t(No symbol) [0x00007FF72A2D68F4]\nE       \tBaseThreadInitThunk [0x00007FFA6B827344+20]\nE       \tRtlUserThreadStart [0x00007FFA6D5E26B1+33]\n\nC:\\Python312\\Lib\\site-packages\\selenium\\webdriver\\support\\wait.py:105: TimeoutException\n", "test_name": "test_verify_tooltip_text", "rerun": "0"}}, "suite_name": "misc_test.py"}}}, "date": "April 05, 2024", "start_time": 1712332713.4336536, "total_suite": 1, "status": "FAIL", "status_list": {"pass": "0", "fail": "0", "skip": "0", "error": "3", "xpass": "0", "xfail": "0", "rerun": "0"}, "total_tests": "3"}