{"content": {"suites": {"0": {"status": {"total_pass": 1, "total_skip": 0, "total_xpass": 0, "total_xfail": 0, "total_rerun": 0, "total_fail": 19, "total_error": 1}, "tests": {"0": {"status": "FAIL", "message": "   AttributeError: 'Test_tt' object has no attribute 'driver'\n", "test_name": "test_get_filenames", "rerun": "0"}, "1": {"status": "ERROR", "message": "helper = <library_functions.Helper object at 0x000001B4B9CFDE50>, utilityInstance = <library_functions.CommonActions object at 0x000001B4B8774320>\nhigher_actions = <library_functions.HigherActions object at 0x000001B4B9CFDE20>\nbutton_clicker = <library_functions.ButtonClicker object at 0x000001B4B9CFF0B0>\n\n    @pytest.fixture(scope=\"class\")\n    def prepare_for_class(helper, driver, web_driver_wait, higher_actions,button_clicker):\n    \n        ### SETUP START ###\n>       driver.get(\"https://www.google.com/intl/en-US/drive/\")\n\ndrive_automation_test.py:52: \n_ _ _ _ _ _ _ _ _ _ _ _ _ _ _ _ _ _ _ _ _ _ _ _ _ _ _ _ _ _ _ _ _ _ _ _ _ _ _ _ _ _ _ _ _ _ _ _ _ _ _ _ _ _ _ _ _ _ _ _ _ _ _ _ _ _ _ _ _ _ _ _ _ _ \nC:\\Python312\\Lib\\site-packages\\selenium\\webdriver\\remote\\webdriver.py:357: in get\n    self.execute(Command.GET, {\"url\": url})\nC:\\Python312\\Lib\\site-packages\\selenium\\webdriver\\remote\\webdriver.py:348: in execute\n    self.error_handler.check_response(response)\n_ _ _ _ _ _ _ _ _ _ _ _ _ _ _ _ _ _ _ _ _ _ _ _ _ _ _ _ _ _ _ _ _ _ _ _ _ _ _ _ _ _ _ _ _ _ _ _ _ _ _ _ _ _ _ _ _ _ _ _ _ _ _ _ _ _ _ _ _ _ _ _ _ _ \n\nself = <selenium.webdriver.remote.errorhandler.ErrorHandler object at 0x000001B4B878DC10>\nresponse = {'status': 404, 'value': '{\"value\":{\"error\":\"no such window\",\"message\":\"no such window: target window already closed\\\\...07FF6D3D868F4]\\\\n\\\\tBaseThreadInitThunk [0x00007FFF4D997344+20]\\\\n\\\\tRtlUserThreadStart [0x00007FFF4F1026B1+33]\\\\n\"}}'}\n\n    def check_response(self, response: Dict[str, Any]) -> None:\n        \"\"\"Checks that a JSON response from the WebDriver does not have an\n        error.\n    \n        :Args:\n         - response - The JSON response from the WebDriver server as a dictionary\n           object.\n    \n        :Raises: If the response contains an error message.\n        \"\"\"\n        status = response.get(\"status\", None)\n        if not status or status == ErrorCode.SUCCESS:\n            return\n        value = None\n        message = response.get(\"message\", \"\")\n        screen: str = response.get(\"screen\", \"\")\n        stacktrace = None\n        if isinstance(status, int):\n            value_json = response.get(\"value\", None)\n            if value_json and isinstance(value_json, str):\n                import json\n    \n                try:\n                    value = json.loads(value_json)\n                    if len(value) == 1:\n                        value = value[\"value\"]\n                    status = value.get(\"error\", None)\n                    if not status:\n                        status = value.get(\"status\", ErrorCode.UNKNOWN_ERROR)\n                        message = value.get(\"value\") or value.get(\"message\")\n                        if not isinstance(message, str):\n                            value = message\n                            message = message.get(\"message\")\n                    else:\n                        message = value.get(\"message\", None)\n                except ValueError:\n                    pass\n    \n        exception_class: Type[WebDriverException]\n        e = ErrorCode()\n        error_codes = [item for item in dir(e) if not item.startswith(\"__\")]\n        for error_code in error_codes:\n            error_info = getattr(ErrorCode, error_code)\n            if isinstance(error_info, list) and status in error_info:\n                exception_class = getattr(ExceptionMapping, error_code, WebDriverException)\n                break\n        else:\n            exception_class = WebDriverException\n    \n        if not value:\n            value = response[\"value\"]\n        if isinstance(value, str):\n            raise exception_class(value)\n        if message == \"\" and \"message\" in value:\n            message = value[\"message\"]\n    \n        screen = None  # type: ignore[assignment]\n        if \"screen\" in value:\n            screen = value[\"screen\"]\n    \n        stacktrace = None\n        st_value = value.get(\"stackTrace\") or value.get(\"stacktrace\")\n        if st_value:\n            if isinstance(st_value, str):\n                stacktrace = st_value.split(\"\\n\")\n            else:\n                stacktrace = []\n                try:\n                    for frame in st_value:\n                        line = frame.get(\"lineNumber\", \"\")\n                        file = frame.get(\"fileName\", \"<anonymous>\")\n                        if line:\n                            file = f\"{file}:{line}\"\n                        meth = frame.get(\"methodName\", \"<anonymous>\")\n                        if \"className\" in frame:\n                            meth = f\"{frame['className']}.{meth}\"\n                        msg = \"    at %s (%s)\"\n                        msg = msg % (meth, file)\n                        stacktrace.append(msg)\n                except TypeError:\n                    pass\n        if exception_class == UnexpectedAlertPresentException:\n            alert_text = None\n            if \"data\" in value:\n                alert_text = value[\"data\"].get(\"text\")\n            elif \"alert\" in value:\n                alert_text = value[\"alert\"].get(\"text\")\n            raise exception_class(message, screen, stacktrace, alert_text)  # type: ignore[call-arg]  # mypy is not smart enough here\n>       raise exception_class(message, screen, stacktrace)\nE       selenium.common.exceptions.NoSuchWindowException: Message: no such window: target window already closed\nE       from unknown error: web view not found\nE         (Session info: chrome=122.0.6261.112)\nE       Stacktrace:\nE       \tGetHandleVerifier [0x00007FF6D3E1AD22+56930]\nE       \t(No symbol) [0x00007FF6D3D8F622]\nE       \t(No symbol) [0x00007FF6D3C442E5]\nE       \t(No symbol) [0x00007FF6D3C21D4C]\nE       \t(No symbol) [0x00007FF6D3CB23F7]\nE       \t(No symbol) [0x00007FF6D3CC7891]\nE       \t(No symbol) [0x00007FF6D3CABA43]\nE       \t(No symbol) [0x00007FF6D3C7D438]\nE       \t(No symbol) [0x00007FF6D3C7E4D1]\nE       \tGetHandleVerifier [0x00007FF6D4196AAD+3709933]\nE       \tGetHandleVerifier [0x00007FF6D41EFFED+4075821]\nE       \tGetHandleVerifier [0x00007FF6D41E817F+4043455]\nE       \tGetHandleVerifier [0x00007FF6D3EB9756+706710]\nE       \t(No symbol) [0x00007FF6D3D9B8FF]\nE       \t(No symbol) [0x00007FF6D3D96AE4]\nE       \t(No symbol) [0x00007FF6D3D96C3C]\nE       \t(No symbol) [0x00007FF6D3D868F4]\nE       \tBaseThreadInitThunk [0x00007FFF4D997344+20]\nE       \tRtlUserThreadStart [0x00007FFF4F1026B1+33]\n\nC:\\Python312\\Lib\\site-packages\\selenium\\webdriver\\remote\\errorhandler.py:229: NoSuchWindowException\n", "test_name": "test_get_filenames2", "rerun": "0"}, "2": {"status": "FAIL", "message": "   selenium.common.exceptions.NoSuchWindowException: Message: no such window: target window already closed\n   from unknown error: web view not found\n     (Session info: chrome=122.0.6261.112)\n   Stacktrace:\n   \tGetHandleVerifier [0x00007FF6D3E1AD22+56930]\n   \t(No symbol) [0x00007FF6D3D8F622]\n   \t(No symbol) [0x00007FF6D3C442E5]\n   \t(No symbol) [0x00007FF6D3C21D4C]\n   \t(No symbol) [0x00007FF6D3CB23F7]\n   \t(No symbol) [0x00007FF6D3CC7891]\n   \t(No symbol) [0x00007FF6D3CABA43]\n   \t(No symbol) [0x00007FF6D3C7D438]\n   \t(No symbol) [0x00007FF6D3C7E4D1]\n   \tGetHandleVerifier [0x00007FF6D4196AAD+3709933]\n   \tGetHandleVerifier [0x00007FF6D41EFFED+4075821]\n   \tGetHandleVerifier [0x00007FF6D41E817F+4043455]\n   \tGetHandleVerifier [0x00007FF6D3EB9756+706710]\n   \t(No symbol) [0x00007FF6D3D9B8FF]\n   \t(No symbol) [0x00007FF6D3D96AE4]\n   \t(No symbol) [0x00007FF6D3D96C3C]\n   \t(No symbol) [0x00007FF6D3D868F4]\n   \tBaseThreadInitThunk [0x00007FFF4D997344+20]\n   \tRtlUserThreadStart [0x00007FFF4F1026B1+33]\n", "test_name": "test_prerequisites", "rerun": "0"}, "3": {"status": "FAIL", "message": "   selenium.common.exceptions.NoSuchWindowException: Message: no such window: target window already closed\n   from unknown error: web view not found\n     (Session info: chrome=122.0.6261.112)\n   Stacktrace:\n   \tGetHandleVerifier [0x00007FF6D3E1AD22+56930]\n   \t(No symbol) [0x00007FF6D3D8F622]\n   \t(No symbol) [0x00007FF6D3C442E5]\n   \t(No symbol) [0x00007FF6D3C21D4C]\n   \t(No symbol) [0x00007FF6D3CB23F7]\n   \t(No symbol) [0x00007FF6D3CC7891]\n   \t(No symbol) [0x00007FF6D3CABA43]\n   \t(No symbol) [0x00007FF6D3C7D438]\n   \t(No symbol) [0x00007FF6D3C7E4D1]\n   \tGetHandleVerifier [0x00007FF6D4196AAD+3709933]\n   \tGetHandleVerifier [0x00007FF6D41EFFED+4075821]\n   \tGetHandleVerifier [0x00007FF6D41E817F+4043455]\n   \tGetHandleVerifier [0x00007FF6D3EB9756+706710]\n   \t(No symbol) [0x00007FF6D3D9B8FF]\n   \t(No symbol) [0x00007FF6D3D96AE4]\n   \t(No symbol) [0x00007FF6D3D96C3C]\n   \t(No symbol) [0x00007FF6D3D868F4]\n   \tBaseThreadInitThunk [0x00007FFF4D997344+20]\n   \tRtlUserThreadStart [0x00007FFF4F1026B1+33]\n", "test_name": "test_search_for_file_by_name", "rerun": "0"}, "4": {"status": "FAIL", "message": "   AttributeError: 'CommonActions' object has no attribute 'click_on_my_drive_button'\n", "test_name": "test_search_file_by_type", "rerun": "0"}, "5": {"status": "FAIL", "message": "   selenium.common.exceptions.NoSuchWindowException: Message: no such window: target window already closed\n   from unknown error: web view not found\n     (Session info: chrome=122.0.6261.112)\n   Stacktrace:\n   \tGetHandleVerifier [0x00007FF6D3E1AD22+56930]\n   \t(No symbol) [0x00007FF6D3D8F622]\n   \t(No symbol) [0x00007FF6D3C442E5]\n   \t(No symbol) [0x00007FF6D3C21D4C]\n   \t(No symbol) [0x00007FF6D3CB23F7]\n   \t(No symbol) [0x00007FF6D3CC7891]\n   \t(No symbol) [0x00007FF6D3CABA43]\n   \t(No symbol) [0x00007FF6D3C7D438]\n   \t(No symbol) [0x00007FF6D3C7E4D1]\n   \tGetHandleVerifier [0x00007FF6D4196AAD+3709933]\n   \tGetHandleVerifier [0x00007FF6D41EFFED+4075821]\n   \tGetHandleVerifier [0x00007FF6D41E817F+4043455]\n   \tGetHandleVerifier [0x00007FF6D3EB9756+706710]\n   \t(No symbol) [0x00007FF6D3D9B8FF]\n   \t(No symbol) [0x00007FF6D3D96AE4]\n   \t(No symbol) [0x00007FF6D3D96C3C]\n   \t(No symbol) [0x00007FF6D3D868F4]\n   \tBaseThreadInitThunk [0x00007FFF4D997344+20]\n   \tRtlUserThreadStart [0x00007FFF4F1026B1+33]\n", "test_name": "test_remove_file", "rerun": "0"}, "6": {"status": "FAIL", "message": "   selenium.common.exceptions.NoSuchWindowException: Message: no such window: target window already closed\n   from unknown error: web view not found\n     (Session info: chrome=122.0.6261.112)\n   Stacktrace:\n   \tGetHandleVerifier [0x00007FF6D3E1AD22+56930]\n   \t(No symbol) [0x00007FF6D3D8F622]\n   \t(No symbol) [0x00007FF6D3C442E5]\n   \t(No symbol) [0x00007FF6D3C21D4C]\n   \t(No symbol) [0x00007FF6D3CB23F7]\n   \t(No symbol) [0x00007FF6D3CC7891]\n   \t(No symbol) [0x00007FF6D3CABA43]\n   \t(No symbol) [0x00007FF6D3C7D438]\n   \t(No symbol) [0x00007FF6D3C7E4D1]\n   \tGetHandleVerifier [0x00007FF6D4196AAD+3709933]\n   \tGetHandleVerifier [0x00007FF6D41EFFED+4075821]\n   \tGetHandleVerifier [0x00007FF6D41E817F+4043455]\n   \tGetHandleVerifier [0x00007FF6D3EB9756+706710]\n   \t(No symbol) [0x00007FF6D3D9B8FF]\n   \t(No symbol) [0x00007FF6D3D96AE4]\n   \t(No symbol) [0x00007FF6D3D96C3C]\n   \t(No symbol) [0x00007FF6D3D868F4]\n   \tBaseThreadInitThunk [0x00007FFF4D997344+20]\n   \tRtlUserThreadStart [0x00007FFF4F1026B1+33]\n", "test_name": "test_rename_file", "rerun": "0"}, "7": {"status": "FAIL", "message": "   selenium.common.exceptions.NoSuchWindowException: Message: no such window: target window already closed\n   from unknown error: web view not found\n     (Session info: chrome=122.0.6261.112)\n   Stacktrace:\n   \tGetHandleVerifier [0x00007FF6D3E1AD22+56930]\n   \t(No symbol) [0x00007FF6D3D8F622]\n   \t(No symbol) [0x00007FF6D3C442E5]\n   \t(No symbol) [0x00007FF6D3C21D4C]\n   \t(No symbol) [0x00007FF6D3CB23F7]\n   \t(No symbol) [0x00007FF6D3CC7891]\n   \t(No symbol) [0x00007FF6D3CABA43]\n   \t(No symbol) [0x00007FF6D3C7D438]\n   \t(No symbol) [0x00007FF6D3C7E4D1]\n   \tGetHandleVerifier [0x00007FF6D4196AAD+3709933]\n   \tGetHandleVerifier [0x00007FF6D41EFFED+4075821]\n   \tGetHandleVerifier [0x00007FF6D41E817F+4043455]\n   \tGetHandleVerifier [0x00007FF6D3EB9756+706710]\n   \t(No symbol) [0x00007FF6D3D9B8FF]\n   \t(No symbol) [0x00007FF6D3D96AE4]\n   \t(No symbol) [0x00007FF6D3D96C3C]\n   \t(No symbol) [0x00007FF6D3D868F4]\n   \tBaseThreadInitThunk [0x00007FFF4D997344+20]\n   \tRtlUserThreadStart [0x00007FFF4F1026B1+33]\n", "test_name": "test_undo_delete_action", "rerun": "0"}, "8": {"status": "FAIL", "message": "   selenium.common.exceptions.NoSuchWindowException: Message: no such window: target window already closed\n   from unknown error: web view not found\n     (Session info: chrome=122.0.6261.112)\n   Stacktrace:\n   \tGetHandleVerifier [0x00007FF6D3E1AD22+56930]\n   \t(No symbol) [0x00007FF6D3D8F622]\n   \t(No symbol) [0x00007FF6D3C442E5]\n   \t(No symbol) [0x00007FF6D3C21D4C]\n   \t(No symbol) [0x00007FF6D3CB23F7]\n   \t(No symbol) [0x00007FF6D3CC7891]\n   \t(No symbol) [0x00007FF6D3CABA43]\n   \t(No symbol) [0x00007FF6D3C7D438]\n   \t(No symbol) [0x00007FF6D3C7E4D1]\n   \tGetHandleVerifier [0x00007FF6D4196AAD+3709933]\n   \tGetHandleVerifier [0x00007FF6D41EFFED+4075821]\n   \tGetHandleVerifier [0x00007FF6D41E817F+4043455]\n   \tGetHandleVerifier [0x00007FF6D3EB9756+706710]\n   \t(No symbol) [0x00007FF6D3D9B8FF]\n   \t(No symbol) [0x00007FF6D3D96AE4]\n   \t(No symbol) [0x00007FF6D3D96C3C]\n   \t(No symbol) [0x00007FF6D3D868F4]\n   \tBaseThreadInitThunk [0x00007FFF4D997344+20]\n   \tRtlUserThreadStart [0x00007FFF4F1026B1+33]\n", "test_name": "test_rename_folder", "rerun": "0"}, "9": {"status": "FAIL", "message": "   selenium.common.exceptions.NoSuchWindowException: Message: no such window: target window already closed\n   from unknown error: web view not found\n     (Session info: chrome=122.0.6261.112)\n   Stacktrace:\n   \tGetHandleVerifier [0x00007FF6D3E1AD22+56930]\n   \t(No symbol) [0x00007FF6D3D8F622]\n   \t(No symbol) [0x00007FF6D3C442E5]\n   \t(No symbol) [0x00007FF6D3C21D4C]\n   \t(No symbol) [0x00007FF6D3CB23F7]\n   \t(No symbol) [0x00007FF6D3CC7891]\n   \t(No symbol) [0x00007FF6D3CABA43]\n   \t(No symbol) [0x00007FF6D3C7D438]\n   \t(No symbol) [0x00007FF6D3C7E4D1]\n   \tGetHandleVerifier [0x00007FF6D4196AAD+3709933]\n   \tGetHandleVerifier [0x00007FF6D41EFFED+4075821]\n   \tGetHandleVerifier [0x00007FF6D41E817F+4043455]\n   \tGetHandleVerifier [0x00007FF6D3EB9756+706710]\n   \t(No symbol) [0x00007FF6D3D9B8FF]\n   \t(No symbol) [0x00007FF6D3D96AE4]\n   \t(No symbol) [0x00007FF6D3D96C3C]\n   \t(No symbol) [0x00007FF6D3D868F4]\n   \tBaseThreadInitThunk [0x00007FFF4D997344+20]\n   \tRtlUserThreadStart [0x00007FFF4F1026B1+33]\n", "test_name": "test_create_folder", "rerun": "0"}, "10": {"status": "FAIL", "message": "   selenium.common.exceptions.NoSuchWindowException: Message: no such window: target window already closed\n   from unknown error: web view not found\n     (Session info: chrome=122.0.6261.112)\n   Stacktrace:\n   \tGetHandleVerifier [0x00007FF6D3E1AD22+56930]\n   \t(No symbol) [0x00007FF6D3D8F622]\n   \t(No symbol) [0x00007FF6D3C442E5]\n   \t(No symbol) [0x00007FF6D3C21D4C]\n   \t(No symbol) [0x00007FF6D3CB23F7]\n   \t(No symbol) [0x00007FF6D3CC7891]\n   \t(No symbol) [0x00007FF6D3CABA43]\n   \t(No symbol) [0x00007FF6D3C7D438]\n   \t(No symbol) [0x00007FF6D3C7E4D1]\n   \tGetHandleVerifier [0x00007FF6D4196AAD+3709933]\n   \tGetHandleVerifier [0x00007FF6D41EFFED+4075821]\n   \tGetHandleVerifier [0x00007FF6D41E817F+4043455]\n   \tGetHandleVerifier [0x00007FF6D3EB9756+706710]\n   \t(No symbol) [0x00007FF6D3D9B8FF]\n   \t(No symbol) [0x00007FF6D3D96AE4]\n   \t(No symbol) [0x00007FF6D3D96C3C]\n   \t(No symbol) [0x00007FF6D3D868F4]\n   \tBaseThreadInitThunk [0x00007FFF4D997344+20]\n   \tRtlUserThreadStart [0x00007FFF4F1026B1+33]\n", "test_name": "test_upload_file", "rerun": "0"}, "11": {"status": "FAIL", "message": "   selenium.common.exceptions.NoSuchWindowException: Message: no such window: target window already closed\n   from unknown error: web view not found\n     (Session info: chrome=122.0.6261.112)\n   Stacktrace:\n   \tGetHandleVerifier [0x00007FF6D3E1AD22+56930]\n   \t(No symbol) [0x00007FF6D3D8F622]\n   \t(No symbol) [0x00007FF6D3C442E5]\n   \t(No symbol) [0x00007FF6D3C21D4C]\n   \t(No symbol) [0x00007FF6D3CB23F7]\n   \t(No symbol) [0x00007FF6D3CC7891]\n   \t(No symbol) [0x00007FF6D3CABA43]\n   \t(No symbol) [0x00007FF6D3C7D438]\n   \t(No symbol) [0x00007FF6D3C7E4D1]\n   \tGetHandleVerifier [0x00007FF6D4196AAD+3709933]\n   \tGetHandleVerifier [0x00007FF6D41EFFED+4075821]\n   \tGetHandleVerifier [0x00007FF6D41E817F+4043455]\n   \tGetHandleVerifier [0x00007FF6D3EB9756+706710]\n   \t(No symbol) [0x00007FF6D3D9B8FF]\n   \t(No symbol) [0x00007FF6D3D96AE4]\n   \t(No symbol) [0x00007FF6D3D96C3C]\n   \t(No symbol) [0x00007FF6D3D868F4]\n   \tBaseThreadInitThunk [0x00007FFF4D997344+20]\n   \tRtlUserThreadStart [0x00007FFF4F1026B1+33]\n", "test_name": "test_download_file", "rerun": "0"}, "12": {"status": "FAIL", "message": "   selenium.common.exceptions.NoSuchWindowException: Message: no such window: target window already closed\n   from unknown error: web view not found\n     (Session info: chrome=122.0.6261.112)\n   Stacktrace:\n   \tGetHandleVerifier [0x00007FF6D3E1AD22+56930]\n   \t(No symbol) [0x00007FF6D3D8F622]\n   \t(No symbol) [0x00007FF6D3C442E5]\n   \t(No symbol) [0x00007FF6D3C21D4C]\n   \t(No symbol) [0x00007FF6D3CB23F7]\n   \t(No symbol) [0x00007FF6D3CC7891]\n   \t(No symbol) [0x00007FF6D3CABA43]\n   \t(No symbol) [0x00007FF6D3C7D438]\n   \t(No symbol) [0x00007FF6D3C7E4D1]\n   \tGetHandleVerifier [0x00007FF6D4196AAD+3709933]\n   \tGetHandleVerifier [0x00007FF6D41EFFED+4075821]\n   \tGetHandleVerifier [0x00007FF6D41E817F+4043455]\n   \tGetHandleVerifier [0x00007FF6D3EB9756+706710]\n   \t(No symbol) [0x00007FF6D3D9B8FF]\n   \t(No symbol) [0x00007FF6D3D96AE4]\n   \t(No symbol) [0x00007FF6D3D96C3C]\n   \t(No symbol) [0x00007FF6D3D868F4]\n   \tBaseThreadInitThunk [0x00007FFF4D997344+20]\n   \tRtlUserThreadStart [0x00007FFF4F1026B1+33]\n", "test_name": "test_remove_multiple_files", "rerun": "0"}, "13": {"status": "FAIL", "message": "   selenium.common.exceptions.NoSuchWindowException: Message: no such window: target window already closed\n   from unknown error: web view not found\n     (Session info: chrome=122.0.6261.112)\n   Stacktrace:\n   \tGetHandleVerifier [0x00007FF6D3E1AD22+56930]\n   \t(No symbol) [0x00007FF6D3D8F622]\n   \t(No symbol) [0x00007FF6D3C442E5]\n   \t(No symbol) [0x00007FF6D3C21D4C]\n   \t(No symbol) [0x00007FF6D3CB23F7]\n   \t(No symbol) [0x00007FF6D3CC7891]\n   \t(No symbol) [0x00007FF6D3CABA43]\n   \t(No symbol) [0x00007FF6D3C7D438]\n   \t(No symbol) [0x00007FF6D3C7E4D1]\n   \tGetHandleVerifier [0x00007FF6D4196AAD+3709933]\n   \tGetHandleVerifier [0x00007FF6D41EFFED+4075821]\n   \tGetHandleVerifier [0x00007FF6D41E817F+4043455]\n   \tGetHandleVerifier [0x00007FF6D3EB9756+706710]\n   \t(No symbol) [0x00007FF6D3D9B8FF]\n   \t(No symbol) [0x00007FF6D3D96AE4]\n   \t(No symbol) [0x00007FF6D3D96C3C]\n   \t(No symbol) [0x00007FF6D3D868F4]\n   \tBaseThreadInitThunk [0x00007FFF4D997344+20]\n   \tRtlUserThreadStart [0x00007FFF4F1026B1+33]\n", "test_name": "test_copy_file", "rerun": "0"}, "14": {"status": "FAIL", "message": "   selenium.common.exceptions.NoSuchWindowException: Message: no such window: target window already closed\n   from unknown error: web view not found\n     (Session info: chrome=122.0.6261.112)\n   Stacktrace:\n   \tGetHandleVerifier [0x00007FF6D3E1AD22+56930]\n   \t(No symbol) [0x00007FF6D3D8F622]\n   \t(No symbol) [0x00007FF6D3C442E5]\n   \t(No symbol) [0x00007FF6D3C21D4C]\n   \t(No symbol) [0x00007FF6D3CB23F7]\n   \t(No symbol) [0x00007FF6D3CC7891]\n   \t(No symbol) [0x00007FF6D3CABA43]\n   \t(No symbol) [0x00007FF6D3C7D438]\n   \t(No symbol) [0x00007FF6D3C7E4D1]\n   \tGetHandleVerifier [0x00007FF6D4196AAD+3709933]\n   \tGetHandleVerifier [0x00007FF6D41EFFED+4075821]\n   \tGetHandleVerifier [0x00007FF6D41E817F+4043455]\n   \tGetHandleVerifier [0x00007FF6D3EB9756+706710]\n   \t(No symbol) [0x00007FF6D3D9B8FF]\n   \t(No symbol) [0x00007FF6D3D96AE4]\n   \t(No symbol) [0x00007FF6D3D96C3C]\n   \t(No symbol) [0x00007FF6D3D868F4]\n   \tBaseThreadInitThunk [0x00007FFF4D997344+20]\n   \tRtlUserThreadStart [0x00007FFF4F1026B1+33]\n", "test_name": "test_move_file", "rerun": "0"}, "15": {"status": "PASS", "message": "", "test_name": "test_move_multiple_files", "rerun": "0"}, "16": {"status": "FAIL", "message": "   selenium.common.exceptions.NoSuchWindowException: Message: no such window: target window already closed\n   from unknown error: web view not found\n     (Session info: chrome=122.0.6261.112)\n   Stacktrace:\n   \tGetHandleVerifier [0x00007FF6D3E1AD22+56930]\n   \t(No symbol) [0x00007FF6D3D8F622]\n   \t(No symbol) [0x00007FF6D3C442E5]\n   \t(No symbol) [0x00007FF6D3C21D4C]\n   \t(No symbol) [0x00007FF6D3CB23F7]\n   \t(No symbol) [0x00007FF6D3CC7891]\n   \t(No symbol) [0x00007FF6D3CABA43]\n   \t(No symbol) [0x00007FF6D3C7D438]\n   \t(No symbol) [0x00007FF6D3C7E4D1]\n   \tGetHandleVerifier [0x00007FF6D4196AAD+3709933]\n   \tGetHandleVerifier [0x00007FF6D41EFFED+4075821]\n   \tGetHandleVerifier [0x00007FF6D41E817F+4043455]\n   \tGetHandleVerifier [0x00007FF6D3EB9756+706710]\n   \t(No symbol) [0x00007FF6D3D9B8FF]\n   \t(No symbol) [0x00007FF6D3D96AE4]\n   \t(No symbol) [0x00007FF6D3D96C3C]\n   \t(No symbol) [0x00007FF6D3D868F4]\n   \tBaseThreadInitThunk [0x00007FFF4D997344+20]\n   \tRtlUserThreadStart [0x00007FFF4F1026B1+33]\n", "test_name": "test_view_file_info", "rerun": "0"}, "17": {"status": "FAIL", "message": "   selenium.common.exceptions.NoSuchWindowException: Message: no such window: target window already closed\n   from unknown error: web view not found\n     (Session info: chrome=122.0.6261.112)\n   Stacktrace:\n   \tGetHandleVerifier [0x00007FF6D3E1AD22+56930]\n   \t(No symbol) [0x00007FF6D3D8F622]\n   \t(No symbol) [0x00007FF6D3C442E5]\n   \t(No symbol) [0x00007FF6D3C21D4C]\n   \t(No symbol) [0x00007FF6D3CB23F7]\n   \t(No symbol) [0x00007FF6D3CC7891]\n   \t(No symbol) [0x00007FF6D3CABA43]\n   \t(No symbol) [0x00007FF6D3C7D438]\n   \t(No symbol) [0x00007FF6D3C7E4D1]\n   \tGetHandleVerifier [0x00007FF6D4196AAD+3709933]\n   \tGetHandleVerifier [0x00007FF6D41EFFED+4075821]\n   \tGetHandleVerifier [0x00007FF6D41E817F+4043455]\n   \tGetHandleVerifier [0x00007FF6D3EB9756+706710]\n   \t(No symbol) [0x00007FF6D3D9B8FF]\n   \t(No symbol) [0x00007FF6D3D96AE4]\n   \t(No symbol) [0x00007FF6D3D96C3C]\n   \t(No symbol) [0x00007FF6D3D868F4]\n   \tBaseThreadInitThunk [0x00007FFF4D997344+20]\n   \tRtlUserThreadStart [0x00007FFF4F1026B1+33]\n", "test_name": "test_delete_file_permanently", "rerun": "0"}, "18": {"status": "FAIL", "message": "   AttributeError: 'CommonActions' object has no attribute 'click_on_home_button'\n", "test_name": "test_share_via_link", "rerun": "0"}, "19": {"status": "FAIL", "message": "   selenium.common.exceptions.NoSuchWindowException: Message: no such window: target window already closed\n   from unknown error: web view not found\n     (Session info: chrome=122.0.6261.112)\n   Stacktrace:\n   \tGetHandleVerifier [0x00007FF6D3E1AD22+56930]\n   \t(No symbol) [0x00007FF6D3D8F622]\n   \t(No symbol) [0x00007FF6D3C442E5]\n   \t(No symbol) [0x00007FF6D3C21D4C]\n   \t(No symbol) [0x00007FF6D3CB23F7]\n   \t(No symbol) [0x00007FF6D3CC7891]\n   \t(No symbol) [0x00007FF6D3CABA43]\n   \t(No symbol) [0x00007FF6D3C7D438]\n   \t(No symbol) [0x00007FF6D3C7E4D1]\n   \tGetHandleVerifier [0x00007FF6D4196AAD+3709933]\n   \tGetHandleVerifier [0x00007FF6D41EFFED+4075821]\n   \tGetHandleVerifier [0x00007FF6D41E817F+4043455]\n   \tGetHandleVerifier [0x00007FF6D3EB9756+706710]\n   \t(No symbol) [0x00007FF6D3D9B8FF]\n   \t(No symbol) [0x00007FF6D3D96AE4]\n   \t(No symbol) [0x00007FF6D3D96C3C]\n   \t(No symbol) [0x00007FF6D3D868F4]\n   \tBaseThreadInitThunk [0x00007FFF4D997344+20]\n   \tRtlUserThreadStart [0x00007FFF4F1026B1+33]\n", "test_name": "test_search_for_file_by_type", "rerun": "0"}, "20": {"status": "FAIL", "message": "   selenium.common.exceptions.NoSuchWindowException: Message: no such window: target window already closed\n   from unknown error: web view not found\n     (Session info: chrome=122.0.6261.112)\n   Stacktrace:\n   \tGetHandleVerifier [0x00007FF6D3E1AD22+56930]\n   \t(No symbol) [0x00007FF6D3D8F622]\n   \t(No symbol) [0x00007FF6D3C442E5]\n   \t(No symbol) [0x00007FF6D3C21D4C]\n   \t(No symbol) [0x00007FF6D3CB23F7]\n   \t(No symbol) [0x00007FF6D3CC7891]\n   \t(No symbol) [0x00007FF6D3CABA43]\n   \t(No symbol) [0x00007FF6D3C7D438]\n   \t(No symbol) [0x00007FF6D3C7E4D1]\n   \tGetHandleVerifier [0x00007FF6D4196AAD+3709933]\n   \tGetHandleVerifier [0x00007FF6D41EFFED+4075821]\n   \tGetHandleVerifier [0x00007FF6D41E817F+4043455]\n   \tGetHandleVerifier [0x00007FF6D3EB9756+706710]\n   \t(No symbol) [0x00007FF6D3D9B8FF]\n   \t(No symbol) [0x00007FF6D3D96AE4]\n   \t(No symbol) [0x00007FF6D3D96C3C]\n   \t(No symbol) [0x00007FF6D3D868F4]\n   \tBaseThreadInitThunk [0x00007FFF4D997344+20]\n   \tRtlUserThreadStart [0x00007FFF4F1026B1+33]\n", "test_name": "test_remove_folder", "rerun": "0"}}, "suite_name": "drive_automation_test.py"}}}, "date": "March 10, 2024", "start_time": 1710065091.4000928, "total_suite": 1, "status": "FAIL", "status_list": {"pass": "1", "fail": "19", "skip": "0", "error": "1", "xpass": "0", "xfail": "0", "rerun": "0"}, "total_tests": "21"}